2025-08-15 15:28:55,412 - Lecteur - INFO - Initializing Lecteur
2025-08-15 15:28:55,573 - Lecteur - INFO - UI setup complete
2025-08-15 15:28:55,651 - Lecteur - INFO - MPV controller initialized
2025-08-15 15:28:55,854 - Lecteur - INFO - Starting video playback: index=0, url=https://www.youtube.com/watch?v=GoN0-7z6NZk
2025-08-15 15:28:55,863 - Lecteur - INFO - MPV launched successfully
2025-08-15 15:29:05,383 - Lecteur - ERROR - Error fetching YouTube info: float division by zero
2025-08-15 15:29:05,442 - Lecteur - ERROR - YouTube fallback error: 'float' object is not iterable
2025-08-15 15:29:05,442 - Lecteur - INFO - Applied tracks: audio=0, subs=0
2025-08-15 15:29:21,987 - Lecteur - INFO - Jumped to MPV chapter: index=1
2025-08-15 15:29:32,463 - Lecteur - INFO - Closing application
2025-08-15 15:35:59,444 - Lecteur - INFO - Stylesheet loaded
2025-08-15 15:35:59,444 - Lecteur - INFO - Initializing Lecteur
2025-08-15 15:35:59,754 - Lecteur - INFO - UI setup complete
2025-08-15 15:35:59,816 - Lecteur - INFO - MPV controller initialized
2025-08-15 15:36:00,019 - Lecteur - INFO - Starting video playback: index=0, url=https://www.youtube.com/watch?v=GoN0-7z6NZk
2025-08-15 15:36:00,361 - Lecteur - INFO - MPV launched successfully
2025-08-15 15:36:07,836 - Lecteur - ERROR - Error fetching YouTube info: float division by zero
2025-08-15 15:36:09,716 - Lecteur - INFO - Applied tracks: audio=0, subs=26
2025-08-15 15:36:45,572 - Lecteur - INFO - Jumped to MPV chapter: index=1
2025-08-15 15:36:55,314 - Lecteur - INFO - Closing application
2025-08-15 15:45:18,822 - Lecteur - INFO - Stylesheet loaded
2025-08-15 15:45:18,822 - Lecteur - INFO - Initializing Lecteur
2025-08-15 15:45:19,131 - Lecteur - INFO - UI setup complete
2025-08-15 15:45:19,194 - Lecteur - INFO - MPV controller initialized
2025-08-15 15:45:19,395 - Lecteur - INFO - Starting video playback: index=0, url=https://www.youtube.com/watch?v=GoN0-7z6NZk
2025-08-15 15:45:19,659 - Lecteur - INFO - MPV launched successfully
2025-08-15 15:45:20,877 - Lecteur - INFO - Applied tracks: audio=0, subs=0
2025-08-15 15:45:43,905 - Lecteur - INFO - Seeked to position: 3150s
2025-08-15 15:45:44,318 - Lecteur - INFO - Closing application
