[   0.002][v][cplayer] mpv v0.40.0-142-ga043624ea Copyright © 2000-2025 mpv/MPlayer/mplayer2 projects
[   0.002][v][cplayer]  built on Jun 30 2025 00:04:09
[   0.002][v][cplayer] libplacebo version: v7.351.0 (v7.351.0-dirty)
[   0.002][v][cplayer] FFmpeg version: N-120071-g5083f4ad8
[   0.002][v][cplayer] FFmpeg library versions:
[   0.002][v][cplayer]    libavcodec      62.4.103
[   0.002][v][cplayer]    libavdevice     62.0.100
[   0.002][v][cplayer]    libavfilter     11.0.100
[   0.002][v][cplayer]    libavformat     62.1.101
[   0.002][v][cplayer]    libavutil       60.4.101
[   0.002][v][cplayer]    libswresample   6.0.100
[   0.002][v][cplayer]    libswscale      9.0.100
[   0.002][v][cplayer] Configuration: -Ddebug=true -Db_ndebug=true -Doptimization=3 -Db_lto=true -Db_lto_mode=thin -Dlibmpv=true -Dpdf-build=enabled -Dlua=enabled -Djavascript=enabled -Dsdl2=enabled -Dlibarchive=enabled -Dlibbluray=enabled -Ddvdnav=enabled -Duchardet=enabled -Drubberband=enabled -Dlcms2=enabled -Dopenal=enabled -Dspirv-cross=enabled -Dvulkan=enabled -Dvapoursynth=enabled -Dgl=enabled -Degl-angle=enabled -Dc_args=-Wno-error=int-conversion -Dprefix=/__w/mpv-winbuild-cmake/mpv-winbuild-cmake/build_x86_64/x86_64-w64-mingw32 -Dlibdir=/__w/mpv-winbuild-cmake/mpv-winbuild-cmake/build_x86_64/x86_64-w64-mingw32/lib -Ddefault_library=shared -Dprefer_static=True --cross-file=/__w/mpv-winbuild-cmake/mpv-winbuild-cmake/build_x86_64/meson_cross.txt
[   0.002][v][cplayer] List of enabled features: build-date cplugins cuda-hwaccel cuda-interop d3d-hwaccel d3d11 d3d9-hwaccel debug direct3d dos-paths dvdnav dxgi-debug-d3d11 egl-angle egl-angle-win32 ffmpeg ffnvcodec gl gl-dxinterop gl-dxinterop-d3d9 gl-win32 glob glob-win32 gpl iconv javascript jpeg lcms2 libarchive libass libavdevice libbluray libplacebo luajit openal rubberband rubberband-3 sdl2 sdl2-audio sdl2-gamepad sdl2-video shaderc spirv-cross uchardet vaapi vaapi-win32 vapoursynth vector vulkan wasapi win32 win32-desktop win32-executable win32-smtc win32-threads zimg zimg-st428 zlib
[   0.002][v][cplayer] Built with NDEBUG.
[   0.002][v][cplayer] Command line options: 'https://www.youtube.com/watch?v=GoN0-7z6NZk' '--wid=23331206' '--no-terminal' '--input-ipc-server=\\.\pipe\mpvsocket' '--log-file=C:\Users\Gabriel\PycharmProjects\Videomi\mpv_debug.log' '--msg-level=all=info' '--no-config'
[   0.002][v][cplayer] mpv v0.40.0-142-ga043624ea Copyright © 2000-2025 mpv/MPlayer/mplayer2 projects
[   0.002][v][cplayer]  built on Jun 30 2025 00:04:09
[   0.002][v][cplayer] libplacebo version: v7.351.0 (v7.351.0-dirty)
[   0.002][v][cplayer] FFmpeg version: N-120071-g5083f4ad8
[   0.002][v][cplayer] FFmpeg library versions:
[   0.002][v][cplayer]    libavcodec      62.4.103
[   0.002][v][cplayer]    libavdevice     62.0.100
[   0.002][v][cplayer]    libavfilter     11.0.100
[   0.002][v][cplayer]    libavformat     62.1.101
[   0.002][v][cplayer]    libavutil       60.4.101
[   0.002][v][cplayer]    libswresample   6.0.100
[   0.002][v][cplayer]    libswscale      9.0.100
[   0.002][v][cplayer] Configuration: -Ddebug=true -Db_ndebug=true -Doptimization=3 -Db_lto=true -Db_lto_mode=thin -Dlibmpv=true -Dpdf-build=enabled -Dlua=enabled -Djavascript=enabled -Dsdl2=enabled -Dlibarchive=enabled -Dlibbluray=enabled -Ddvdnav=enabled -Duchardet=enabled -Drubberband=enabled -Dlcms2=enabled -Dopenal=enabled -Dspirv-cross=enabled -Dvulkan=enabled -Dvapoursynth=enabled -Dgl=enabled -Degl-angle=enabled -Dc_args=-Wno-error=int-conversion -Dprefix=/__w/mpv-winbuild-cmake/mpv-winbuild-cmake/build_x86_64/x86_64-w64-mingw32 -Dlibdir=/__w/mpv-winbuild-cmake/mpv-winbuild-cmake/build_x86_64/x86_64-w64-mingw32/lib -Ddefault_library=shared -Dprefer_static=True --cross-file=/__w/mpv-winbuild-cmake/mpv-winbuild-cmake/build_x86_64/meson_cross.txt
[   0.002][v][cplayer] List of enabled features: build-date cplugins cuda-hwaccel cuda-interop d3d-hwaccel d3d11 d3d9-hwaccel debug direct3d dos-paths dvdnav dxgi-debug-d3d11 egl-angle egl-angle-win32 ffmpeg ffnvcodec gl gl-dxinterop gl-dxinterop-d3d9 gl-win32 glob glob-win32 gpl iconv javascript jpeg lcms2 libarchive libass libavdevice libbluray libplacebo luajit openal rubberband rubberband-3 sdl2 sdl2-audio sdl2-gamepad sdl2-video shaderc spirv-cross uchardet vaapi vaapi-win32 vapoursynth vector vulkan wasapi win32 win32-desktop win32-executable win32-smtc win32-threads zimg zimg-st428 zlib
[   0.002][v][cplayer] Built with NDEBUG.
[   0.002][d][global] home path: '' -> '-'
[   0.002][d][global] user path: '~~home/' -> ''
[   0.002][d][global] user path: '~~old_home/' -> ''
[   0.002][v][cplayer] Setting option 'wid' = '23331206' (flags = 8)
[   0.002][v][cplayer] Setting option 'terminal' = 'no' (flags = 8)
[   0.002][v][cplayer] Setting option 'input-ipc-server' = '\\.\pipe\mpvsocket' (flags = 8)
[   0.002][v][cplayer] Setting option 'log-file' = 'C:\Users\Gabriel\PycharmProjects\Videomi\mpv_debug.log' (flags = 8)
[   0.002][v][cplayer] Setting option 'msg-level' = 'all=info' (flags = 8)
[   0.002][v][cplayer] Setting option 'config' = 'no' (flags = 8)
[   0.003][d][osc] Loading lua script @osc.lua...
[   0.003][d][ytdl_hook] Loading lua script @ytdl_hook.lua...
[   0.003][d][stats] Loading lua script @stats.lua...
[   0.003][d][console] Loading lua script @console.lua...
[   0.003][d][auto_profiles] Loading lua script @auto_profiles.lua...
[   0.003][d][select] Loading lua script @select.lua...
[   0.003][d][positioning] Loading lua script @positioning.lua...
[   0.003][d][commands] Loading lua script @commands.lua...
[   0.003][v][clipboard] Initialized win32 clipboard backend.
[   0.003][v][cplayer] Waiting for scripts...
[   0.003][d][console] loading mp.defaults
[   0.004][d][ytdl_hook] loading mp.defaults
[   0.004][d][stats] loading mp.defaults
[   0.004][d][osc] loading mp.defaults
[   0.004][d][auto_profiles] loading mp.defaults
[   0.004][d][positioning] loading mp.defaults
[   0.004][d][select] loading mp.defaults
[   0.004][v][ipc] Starting IPC master
[   0.004][d][commands] loading mp.defaults
[   0.004][d][select] loading @select.lua
[   0.004][d][stats] loading @stats.lua
[   0.004][d][osc] loading @osc.lua
[   0.004][d][positioning] loading @positioning.lua
[   0.004][d][ytdl_hook] loading @ytdl_hook.lua
[   0.004][d][console] loading @console.lua
[   0.004][d][auto_profiles] loading @auto_profiles.lua
[   0.004][d][commands] loading @commands.lua
[   0.004][d][positioning] reading options for positioning
[   0.004][d][positioning] script-opts/positioning.conf not found.
[   0.004][d][positioning] lua-settings/positioning.conf not found.
[   0.004][d][select] reading options for select
[   0.004][v][ipc] Listening to IPC pipe.
[   0.004][d][select] script-opts/select.conf not found.
[   0.004][d][select] lua-settings/select.conf not found.
[   0.005][d][cplayer] Run command: define-section, flags=64, args=[name="input_positioning", contents="", flags="default"]
[   0.005][d][cplayer] Run command: enable-section, flags=64, args=[name="input_positioning", flags="allow-hide-cursor+allow-vo-dragging"]
[   0.005][d][cplayer] Run command: define-section, flags=64, args=[name="input_forced_positioning", contents="", flags="force"]
[   0.005][d][cplayer] Run command: enable-section, flags=64, args=[name="input_forced_positioning", flags="allow-hide-cursor+allow-vo-dragging"]
[   0.005][d][cplayer] Run command: define-section, flags=64, args=[name="input_select", contents="", flags="default"]
[   0.005][d][ytdl_hook] reading options for ytdl_hook
[   0.005][d][cplayer] Run command: enable-section, flags=64, args=[name="input_select", flags="allow-hide-cursor+allow-vo-dragging"]
[   0.005][d][ytdl_hook] script-opts/ytdl_hook.conf not found.
[   0.005][d][ytdl_hook] lua-settings/ytdl_hook.conf not found.
[   0.005][d][cplayer] Run command: define-section, flags=64, args=[name="input_forced_select", contents="", flags="force"]
[   0.005][d][commands] reading options for commands
[   0.005][d][commands] script-opts/commands.conf not found.
[   0.005][d][commands] lua-settings/commands.conf not found.
[   0.005][d][cplayer] Run command: enable-section, flags=64, args=[name="input_forced_select", flags="allow-hide-cursor+allow-vo-dragging"]
[   0.005][d][cplayer] Run command: define-section, flags=64, args=[name="input_commands", contents="", flags="default"]
[   0.005][d][cplayer] Run command: enable-section, flags=64, args=[name="input_commands", flags="allow-hide-cursor+allow-vo-dragging"]
[   0.005][d][cplayer] Run command: define-section, flags=64, args=[name="input_forced_commands", contents="", flags="force"]
[   0.005][d][cplayer] Run command: enable-section, flags=64, args=[name="input_forced_commands", flags="allow-hide-cursor+allow-vo-dragging"]
[   0.005][d][auto_profiles] Destroying client handle...
[   0.005][d][stats] reading options for stats
[   0.005][d][stats] script-opts/stats.conf not found.
[   0.005][d][stats] lua-settings/stats.conf not found.
[   0.005][d][console] reading options for console
[   0.005][d][console] script-opts/console.conf not found.
[   0.005][d][console] lua-settings/console.conf not found.
[   0.006][d][cplayer] Run command: define-section, flags=64, args=[name="showhide", contents="mouse_move script-binding osc/__keybinding1\nmouse_leave script-binding osc/__keybinding2\n", flags="force"]
[   0.007][d][cplayer] Run command: define-section, flags=64, args=[name="input_console", contents="", flags="default"]
[   0.007][d][cplayer] Run command: define-section, flags=64, args=[name="showhide_wc", contents="mouse_move script-binding osc/__keybinding3\nmouse_leave script-binding osc/__keybinding4\n", flags="force"]
[   0.007][d][cplayer] Run command: define-section, flags=64, args=[name="input_stats", contents="", flags="default"]
[   0.007][d][cplayer] Run command: enable-section, flags=64, args=[name="input_console", flags="allow-hide-cursor+allow-vo-dragging"]
[   0.007][d][cplayer] Run command: enable-section, flags=64, args=[name="input_stats", flags="allow-hide-cursor+allow-vo-dragging"]
[   0.007][d][cplayer] Run command: define-section, flags=64, args=[name="input_forced_console", contents="", flags="force"]
[   0.007][d][cplayer] Run command: define-section, flags=64, args=[name="input_forced_stats", contents="", flags="force"]
[   0.007][d][cplayer] Run command: enable-section, flags=64, args=[name="input_forced_console", flags="allow-hide-cursor+allow-vo-dragging"]
[   0.007][d][cplayer] Run command: enable-section, flags=64, args=[name="input_forced_stats", flags="allow-hide-cursor+allow-vo-dragging"]
[   0.007][d][cplayer] Run command: enable-section, flags=64, args=[name="showhide", flags="allow-hide-cursor+allow-vo-dragging"]
[   0.007][d][cplayer] Run command: enable-section, flags=64, args=[name="showhide_wc", flags="allow-hide-cursor+allow-vo-dragging"]
[   0.007][d][cplayer] Run command: define-section, flags=64, args=[name="input", contents="mbtn_left script-binding osc/__keybinding5\nmbtn_mid script-binding osc/__keybinding6\nmbtn_right script-binding osc/__keybinding7\nshift+mbtn_left script-binding osc/__keybinding8\nwheel_up script-binding osc/__keybinding9\nwheel_down script-binding osc/__keybinding10\nmbtn_left_dbl ignore\nshift+mbtn_left_dbl ignore\nmbtn_right_dbl ignore\n", flags="force"]
[   0.007][d][cplayer] Run command: enable-section, flags=64, args=[name="input", flags=""]
[   0.007][d][cplayer] Run command: define-section, flags=64, args=[name="window-controls", contents="mbtn_left script-binding osc/__keybinding11\n", flags="force"]
[   0.007][d][cplayer] Run command: enable-section, flags=64, args=[name="window-controls", flags=""]
[   0.008][d][osc] reading options for osc
[   0.008][d][osc] script-opts/osc.conf not found.
[   0.008][d][osc] lua-settings/osc.conf not found.
[   0.008][v][cplayer] Set property: user-data/osc/visibility="auto" -> 1
[   0.008][d][cplayer] Run command: disable-section, flags=64, args=[name="input"]
[   0.008][d][cplayer] Run command: disable-section, flags=64, args=[name="window-controls"]
[   0.008][v][cplayer] Set property: user-data/osc/margins={"r":0,"b":0,"l":0,"t":0} -> 1
[   0.008][v][cplayer] Done loading scripts.
[   0.008][d][global] state path: 'watch_later' -> '-'
[   0.008][v][cplayer] Running hook: auto_profiles/on_before_start_file
[   0.008][v][cplayer] Failed sending hook command auto_profiles/on_before_start_file. Removing hook.
[   0.008][d][global] state path: 'watch_later' -> '-'
[   0.008][v][cplayer] Running hook: auto_profiles/on_load
[   0.008][v][cplayer] Failed sending hook command auto_profiles/on_load. Removing hook.
[   0.008][v][cplayer] Running hook: ytdl_hook/on_load
[   0.008][v][ytdl_hook] URL matches included substring ^%w+%.youtube%.com/. Trying ytdl first.
[   0.008][v][ytdl_hook] No youtube-dl found with path yt-dlp.exe in config directories
[   0.008][d][cplayer] Run command: subprocess, flags=64, args=[args="yt-dlp,--no-warnings,-J,--flat-playlist,--sub-format,ass/srt/best,--format,bestvideo+bestaudio/best,--sub-langs,all,--write-srt,--no-playlist,--,https://www.youtube.com/watch?v=GoN0-7z6NZk", playback_only="yes", capture_size="67108864", capture_stdout="yes", capture_stderr="yes", detach="no", env="", stdin_data="", passthrough_stdin="no"]
[   0.008][v][ytdl_hook] Starting subprocess: [yt-dlp, --no-warnings, -J, --flat-playlist, --sub-format, ass/srt/best, --format, bestvideo+bestaudio/best, --sub-langs, all, --write-srt, --no-playlist, --, https://www.youtube.com/watch?v=GoN0-7z6NZk]
[   0.008][v][cplayer] Set property: user-data/osc/margins={"r":0,"b":0,"l":0,"t":0} -> 1
[   0.008][d][osc] osc_init
[   0.009][v][cplayer] Set property: user-data/osc/margins={"r":0,"b":0,"l":0,"t":0} -> 1
[   0.009][d][osd/libass] ASS library version: 0x1704000 (runtime 0x1704000)
[   0.009][v][osd/libass] libass API version: 0x1704000
[   0.009][v][osd/libass] libass source: meson, commit: 0.17.4-5-g0f37982d45c8b3aa82cbf95aa33323766f1c6c7d
[   0.009][v][osd/libass] Shaper: FriBidi 1.0.16 (SIMPLE) HarfBuzz-ng 11.2.1 (COMPLEX)
[   0.009][v][osd/libass] Setting up fonts...
[   0.010][v][osd/libass] Using font provider directwrite (with GDI)
[   0.010][v][osd/libass] Done.
[   0.010][d][cplayer] Run command: define-section, flags=64, args=[name="input_osc", contents="", flags="default"]
[   0.010][d][cplayer] Run command: enable-section, flags=64, args=[name="input_osc", flags="allow-hide-cursor+allow-vo-dragging"]
[   0.010][d][cplayer] Run command: define-section, flags=64, args=[name="input_forced_osc", contents="", flags="force"]
[   0.010][d][cplayer] Run command: enable-section, flags=64, args=[name="input_forced_osc", flags="allow-hide-cursor+allow-vo-dragging"]
[   0.387][v][ipc_0] Client connected
[   0.888][v][cplayer] Set property: volume=100.000000 -> 1
[   0.888][v][cplayer] Set property: mute=0 -> -2
